2015/04/03 21:01:28 [error] [php] Undefined variable: solrUtils (D:\Workspace\php\sites\training-cn\rmd\protected\modules\dataprocess\controllers\DefaultController.php:22)
Stack trace:
#0 D:\Workspace\php\sites\training-cn\framework1.1.14\web\CController.php(286): DefaultController->runAction()
#1 D:\Workspace\php\sites\training-cn\framework1.1.14\web\CController.php(265): DefaultController->runActionWithFilters()
#2 D:\Workspace\php\sites\training-cn\framework1.1.14\web\CWebApplication.php(282): DefaultController->run()
#3 D:\Workspace\php\sites\training-cn\framework1.1.14\web\CWebApplication.php(141): CWebApplication->runController()
#4 D:\Workspace\php\sites\training-cn\framework1.1.14\base\CApplication.php(180): CWebApplication->processRequest()
#5 D:\Workspace\php\sites\training-cn\rmd\index.php(12): CWebApplication->run()
REQUEST_URI=/dataprocess/default/index
in D:\Workspace\php\sites\training-cn\rmd\protected\modules\dataprocess\controllers\DefaultController.php (22)
in D:\Workspace\php\sites\training-cn\rmd\index.php (12)
2015/04/03 21:18:45 [error] [application] {"responseHeader":{"status":400,"QTime":118},"error":{"msg":"ERROR: [doc=10206011834235738@facebook.com] Error adding field 'brithday'='false' msg=For input string: \"false\"","code":400}}
in D:\Workspace\php\sites\training-cn\rmd\protected\modules\dataprocess\controllers\DefaultController.php (28)
in D:\Workspace\php\sites\training-cn\rmd\index.php (12)
2015/04/03 21:18:45 [error] [exception.Exception] exception 'Exception' with message '{"responseHeader":{"status":400,"QTime":118},"error":{"msg":"ERROR: [doc=10206011834235738@facebook.com] Error adding field 'brithday'='false' msg=For input string: \"false\"","code":400}}' in D:\Workspace\php\sites\training-cn\rmd\protected\components\SolrHelper.php:56
Stack trace:
#0 D:\Workspace\php\sites\training-cn\rmd\protected\modules\dataprocess\controllers\DefaultController.php(22): SolrHelper->solrSimpletools('[{"username":""...')
#1 D:\Workspace\php\sites\training-cn\framework1.1.14\web\actions\CInlineAction.php(48): DefaultController->actionIndex()
#2 D:\Workspace\php\sites\training-cn\framework1.1.14\web\CController.php(308): CInlineAction->runWithParams(Array)
#3 D:\Workspace\php\sites\training-cn\framework1.1.14\web\CController.php(286): CController->runAction(Object(CInlineAction))
#4 D:\Workspace\php\sites\training-cn\framework1.1.14\web\CController.php(265): CController->runActionWithFilters(Object(CInlineAction), Array)
#5 D:\Workspace\php\sites\training-cn\framework1.1.14\web\CWebApplication.php(282): CController->run('index')
#6 D:\Workspace\php\sites\training-cn\framework1.1.14\web\CWebApplication.php(141): CWebApplication->runController('dataprocess/def...')
#7 D:\Workspace\php\sites\training-cn\framework1.1.14\base\CApplication.php(180): CWebApplication->processRequest()
#8 D:\Workspace\php\sites\training-cn\rmd\index.php(12): CApplication->run()
#9 {main}
REQUEST_URI=/dataprocess/default/index
---
2015/04/03 21:19:20 [error] [application] {"responseHeader":{"status":400,"QTime":2},"error":{"msg":"ERROR: [doc=10206011834235738@facebook.com] Error adding field 'brithday'='false' msg=For input string: \"false\"","code":400}}
in D:\Workspace\php\sites\training-cn\rmd\protected\modules\dataprocess\controllers\DefaultController.php (28)
in D:\Workspace\php\sites\training-cn\rmd\index.php (12)
2015/04/03 21:19:20 [error] [exception.Exception] exception 'Exception' with message '{"responseHeader":{"status":400,"QTime":2},"error":{"msg":"ERROR: [doc=10206011834235738@facebook.com] Error adding field 'brithday'='false' msg=For input string: \"false\"","code":400}}' in D:\Workspace\php\sites\training-cn\rmd\protected\components\SolrHelper.php:55
Stack trace:
#0 D:\Workspace\php\sites\training-cn\rmd\protected\modules\dataprocess\controllers\DefaultController.php(22): SolrHelper->solrSimpletools('[{"username":""...')
#1 D:\Workspace\php\sites\training-cn\framework1.1.14\web\actions\CInlineAction.php(48): DefaultController->actionIndex()
#2 D:\Workspace\php\sites\training-cn\framework1.1.14\web\CController.php(308): CInlineAction->runWithParams(Array)
#3 D:\Workspace\php\sites\training-cn\framework1.1.14\web\CController.php(286): CController->runAction(Object(CInlineAction))
#4 D:\Workspace\php\sites\training-cn\framework1.1.14\web\CController.php(265): CController->runActionWithFilters(Object(CInlineAction), Array)
#5 D:\Workspace\php\sites\training-cn\framework1.1.14\web\CWebApplication.php(282): CController->run('index')
#6 D:\Workspace\php\sites\training-cn\framework1.1.14\web\CWebApplication.php(141): CWebApplication->runController('dataprocess/def...')
#7 D:\Workspace\php\sites\training-cn\framework1.1.14\base\CApplication.php(180): CWebApplication->processRequest()
#8 D:\Workspace\php\sites\training-cn\rmd\index.php(12): CApplication->run()
#9 {main}
REQUEST_URI=/dataprocess/default/index
---
2015/04/03 21:36:15 [error] [application] {"responseHeader":{"status":400,"QTime":966},"error":{"msg":"invalid boolean value: 1","code":400}}
in D:\Workspace\php\sites\training-cn\rmd\protected\modules\dataprocess\controllers\DefaultController.php (28)
in D:\Workspace\php\sites\training-cn\rmd\index.php (12)
2015/04/03 21:36:15 [error] [exception.Exception] exception 'Exception' with message '{"responseHeader":{"status":400,"QTime":966},"error":{"msg":"invalid boolean value: 1","code":400}}' in D:\Workspace\php\sites\training-cn\rmd\protected\components\SolrHelper.php:55
Stack trace:
#0 D:\Workspace\php\sites\training-cn\rmd\protected\modules\dataprocess\controllers\DefaultController.php(22): SolrHelper->solrSimpletools('[{"username":""...')
#1 D:\Workspace\php\sites\training-cn\framework1.1.14\web\actions\CInlineAction.php(48): DefaultController->actionIndex()
#2 D:\Workspace\php\sites\training-cn\framework1.1.14\web\CController.php(308): CInlineAction->runWithParams(Array)
#3 D:\Workspace\php\sites\training-cn\framework1.1.14\web\CController.php(286): CController->runAction(Object(CInlineAction))
#4 D:\Workspace\php\sites\training-cn\framework1.1.14\web\CController.php(265): CController->runActionWithFilters(Object(CInlineAction), Array)
#5 D:\Workspace\php\sites\training-cn\framework1.1.14\web\CWebApplication.php(282): CController->run('index')
#6 D:\Workspace\php\sites\training-cn\framework1.1.14\web\CWebApplication.php(141): CWebApplication->runController('dataprocess/def...')
#7 D:\Workspace\php\sites\training-cn\framework1.1.14\base\CApplication.php(180): CWebApplication->processRequest()
#8 D:\Workspace\php\sites\training-cn\rmd\index.php(12): CApplication->run()
#9 {main}
REQUEST_URI=/dataprocess/default/index
---
2015/04/03 21:44:48 [error] [application] {"responseHeader":{"status":400,"QTime":783},"error":{"msg":"invalid boolean value: 1","code":400}}
in D:\Workspace\php\sites\training-cn\rmd\protected\modules\dataprocess\controllers\DefaultController.php (27)
in D:\Workspace\php\sites\training-cn\rmd\index.php (12)
2015/04/03 21:44:48 [error] [exception.Exception] exception 'Exception' with message '{"responseHeader":{"status":400,"QTime":783},"error":{"msg":"invalid boolean value: 1","code":400}}' in D:\Workspace\php\sites\training-cn\rmd\protected\components\SolrHelper.php:55
Stack trace:
#0 D:\Workspace\php\sites\training-cn\rmd\protected\modules\dataprocess\controllers\DefaultController.php(21): SolrHelper->solrSimpletools('[{"username":""...')
#1 D:\Workspace\php\sites\training-cn\framework1.1.14\web\actions\CInlineAction.php(48): DefaultController->actionIndex()
#2 D:\Workspace\php\sites\training-cn\framework1.1.14\web\CController.php(308): CInlineAction->runWithParams(Array)
#3 D:\Workspace\php\sites\training-cn\framework1.1.14\web\CController.php(286): CController->runAction(Object(CInlineAction))
#4 D:\Workspace\php\sites\training-cn\framework1.1.14\web\CController.php(265): CController->runActionWithFilters(Object(CInlineAction), Array)
#5 D:\Workspace\php\sites\training-cn\framework1.1.14\web\CWebApplication.php(282): CController->run('index')
#6 D:\Workspace\php\sites\training-cn\framework1.1.14\web\CWebApplication.php(141): CWebApplication->runController('dataprocess/def...')
#7 D:\Workspace\php\sites\training-cn\framework1.1.14\base\CApplication.php(180): CWebApplication->processRequest()
#8 D:\Workspace\php\sites\training-cn\rmd\index.php(12): CApplication->run()
#9 {main}
REQUEST_URI=/dataprocess/default/index
---
2015/04/03 21:50:22 [error] [php] fopen(D:\Workspace\php\sites\training-cn\rmd\protected/data/sftp/csvsource/userinfo_2015-04-01.csv): failed to open stream: Permission denied (D:\Workspace\php\sites\training-cn\rmd\protected\modules\dataprocess\models\CSVSource.php:184)
Stack trace:
#0 D:\Workspace\php\sites\training-cn\framework1.1.14\web\actions\CInlineAction.php(48): DefaultController->actionIndex()
#1 D:\Workspace\php\sites\training-cn\framework1.1.14\web\CController.php(308): CInlineAction->runWithParams()
#2 D:\Workspace\php\sites\training-cn\framework1.1.14\web\CController.php(286): DefaultController->runAction()
#3 D:\Workspace\php\sites\training-cn\framework1.1.14\web\CController.php(265): DefaultController->runActionWithFilters()
#4 D:\Workspace\php\sites\training-cn\framework1.1.14\web\CWebApplication.php(282): DefaultController->run()
#5 D:\Workspace\php\sites\training-cn\framework1.1.14\web\CWebApplication.php(141): CWebApplication->runController()
#6 D:\Workspace\php\sites\training-cn\framework1.1.14\base\CApplication.php(180): CWebApplication->processRequest()
#7 D:\Workspace\php\sites\training-cn\rmd\index.php(12): CWebApplication->run()
REQUEST_URI=/dataprocess/default/index
in D:\Workspace\php\sites\training-cn\rmd\protected\modules\dataprocess\models\CSVSource.php (184)
in D:\Workspace\php\sites\training-cn\rmd\protected\modules\dataprocess\controllers\DefaultController.php (17)
in D:\Workspace\php\sites\training-cn\rmd\index.php (12)
2015/04/03 21:57:17 [error] [application] {"responseHeader":{"status":400,"QTime":593},"error":{"msg":"invalid boolean value: 1","code":400}}
in D:\Workspace\php\sites\training-cn\rmd\protected\modules\dataprocess\controllers\DefaultController.php (29)
in D:\Workspace\php\sites\training-cn\rmd\index.php (12)
2015/04/03 21:57:17 [error] [exception.Exception] exception 'Exception' with message '{"responseHeader":{"status":400,"QTime":593},"error":{"msg":"invalid boolean value: 1","code":400}}' in D:\Workspace\php\sites\training-cn\rmd\protected\components\SolrHelper.php:55
Stack trace:
#0 D:\Workspace\php\sites\training-cn\rmd\protected\modules\dataprocess\controllers\DefaultController.php(23): SolrHelper->solrSimpletools('[{"username":""...')
#1 D:\Workspace\php\sites\training-cn\framework1.1.14\web\actions\CInlineAction.php(48): DefaultController->actionIndex()
#2 D:\Workspace\php\sites\training-cn\framework1.1.14\web\CController.php(308): CInlineAction->runWithParams(Array)
#3 D:\Workspace\php\sites\training-cn\framework1.1.14\web\CController.php(286): CController->runAction(Object(CInlineAction))
#4 D:\Workspace\php\sites\training-cn\framework1.1.14\web\CController.php(265): CController->runActionWithFilters(Object(CInlineAction), Array)
#5 D:\Workspace\php\sites\training-cn\framework1.1.14\web\CWebApplication.php(282): CController->run('index')
#6 D:\Workspace\php\sites\training-cn\framework1.1.14\web\CWebApplication.php(141): CWebApplication->runController('dataprocess/def...')
#7 D:\Workspace\php\sites\training-cn\framework1.1.14\base\CApplication.php(180): CWebApplication->processRequest()
#8 D:\Workspace\php\sites\training-cn\rmd\index.php(12): CApplication->run()
#9 {main}
REQUEST_URI=/dataprocess/default/index
---
2015/04/03 21:58:05 [error] [application] {"responseHeader":{"status":400,"QTime":460},"error":{"msg":"invalid boolean value: 1","code":400}}
in D:\Workspace\php\sites\training-cn\rmd\protected\modules\dataprocess\controllers\DefaultController.php (29)
in D:\Workspace\php\sites\training-cn\rmd\index.php (12)
2015/04/03 21:58:05 [error] [exception.Exception] exception 'Exception' with message '{"responseHeader":{"status":400,"QTime":460},"error":{"msg":"invalid boolean value: 1","code":400}}' in D:\Workspace\php\sites\training-cn\rmd\protected\components\SolrHelper.php:55
Stack trace:
#0 D:\Workspace\php\sites\training-cn\rmd\protected\modules\dataprocess\controllers\DefaultController.php(23): SolrHelper->solrSimpletools('[{"username":""...')
#1 D:\Workspace\php\sites\training-cn\framework1.1.14\web\actions\CInlineAction.php(48): DefaultController->actionIndex()
#2 D:\Workspace\php\sites\training-cn\framework1.1.14\web\CController.php(308): CInlineAction->runWithParams(Array)
#3 D:\Workspace\php\sites\training-cn\framework1.1.14\web\CController.php(286): CController->runAction(Object(CInlineAction))
#4 D:\Workspace\php\sites\training-cn\framework1.1.14\web\CController.php(265): CController->runActionWithFilters(Object(CInlineAction), Array)
#5 D:\Workspace\php\sites\training-cn\framework1.1.14\web\CWebApplication.php(282): CController->run('index')
#6 D:\Workspace\php\sites\training-cn\framework1.1.14\web\CWebApplication.php(141): CWebApplication->runController('dataprocess/def...')
#7 D:\Workspace\php\sites\training-cn\framework1.1.14\base\CApplication.php(180): CWebApplication->processRequest()
#8 D:\Workspace\php\sites\training-cn\rmd\index.php(12): CApplication->run()
#9 {main}
REQUEST_URI=/dataprocess/default/index
---
2015/04/03 22:14:57 [error] [application] {"responseHeader":{"status":400,"QTime":984},"error":{"msg":"invalid boolean value: 1","code":400}}
in D:\Workspace\php\sites\training-cn\rmd\protected\modules\dataprocess\controllers\DefaultController.php (29)
in D:\Workspace\php\sites\training-cn\rmd\index.php (12)
2015/04/03 22:14:57 [error] [exception.Exception] exception 'Exception' with message '{"responseHeader":{"status":400,"QTime":984},"error":{"msg":"invalid boolean value: 1","code":400}}' in D:\Workspace\php\sites\training-cn\rmd\protected\components\SolrHelper.php:55
Stack trace:
#0 D:\Workspace\php\sites\training-cn\rmd\protected\modules\dataprocess\controllers\DefaultController.php(23): SolrHelper->solrSimpletools('[{"username":""...')
#1 D:\Workspace\php\sites\training-cn\framework1.1.14\web\actions\CInlineAction.php(48): DefaultController->actionIndex()
#2 D:\Workspace\php\sites\training-cn\framework1.1.14\web\CController.php(308): CInlineAction->runWithParams(Array)
#3 D:\Workspace\php\sites\training-cn\framework1.1.14\web\CController.php(286): CController->runAction(Object(CInlineAction))
#4 D:\Workspace\php\sites\training-cn\framework1.1.14\web\CController.php(265): CController->runActionWithFilters(Object(CInlineAction), Array)
#5 D:\Workspace\php\sites\training-cn\framework1.1.14\web\CWebApplication.php(282): CController->run('index')
#6 D:\Workspace\php\sites\training-cn\framework1.1.14\web\CWebApplication.php(141): CWebApplication->runController('dataprocess/def...')
#7 D:\Workspace\php\sites\training-cn\framework1.1.14\base\CApplication.php(180): CWebApplication->processRequest()
#8 D:\Workspace\php\sites\training-cn\rmd\index.php(12): CApplication->run()
#9 {main}
REQUEST_URI=/dataprocess/default/index
---
2015/04/03 22:19:28 [error] [application] {"responseHeader":{"status":400,"QTime":854},"error":{"msg":"invalid boolean value: 1","code":400}}
in D:\Workspace\php\sites\training-cn\rmd\protected\modules\dataprocess\controllers\DefaultController.php (29)
in D:\Workspace\php\sites\training-cn\rmd\index.php (12)
2015/04/03 22:19:28 [error] [exception.Exception] exception 'Exception' with message '{"responseHeader":{"status":400,"QTime":854},"error":{"msg":"invalid boolean value: 1","code":400}}' in D:\Workspace\php\sites\training-cn\rmd\protected\components\SolrHelper.php:55
Stack trace:
#0 D:\Workspace\php\sites\training-cn\rmd\protected\modules\dataprocess\controllers\DefaultController.php(23): SolrHelper->solrSimpletools('[{"username":""...')
#1 D:\Workspace\php\sites\training-cn\framework1.1.14\web\actions\CInlineAction.php(48): DefaultController->actionIndex()
#2 D:\Workspace\php\sites\training-cn\framework1.1.14\web\CController.php(308): CInlineAction->runWithParams(Array)
#3 D:\Workspace\php\sites\training-cn\framework1.1.14\web\CController.php(286): CController->runAction(Object(CInlineAction))
#4 D:\Workspace\php\sites\training-cn\framework1.1.14\web\CController.php(265): CController->runActionWithFilters(Object(CInlineAction), Array)
#5 D:\Workspace\php\sites\training-cn\framework1.1.14\web\CWebApplication.php(282): CController->run('index')
#6 D:\Workspace\php\sites\training-cn\framework1.1.14\web\CWebApplication.php(141): CWebApplication->runController('dataprocess/def...')
#7 D:\Workspace\php\sites\training-cn\framework1.1.14\base\CApplication.php(180): CWebApplication->processRequest()
#8 D:\Workspace\php\sites\training-cn\rmd\index.php(12): CApplication->run()
#9 {main}
REQUEST_URI=/dataprocess/default/index
---
2015/04/03 22:25:33 [error] [application] {"responseHeader":{"status":400,"QTime":199},"error":{"msg":"invalid boolean value: 1","code":400}}
in D:\Workspace\php\sites\training-cn\rmd\protected\modules\dataprocess\controllers\DefaultController.php (26)
in D:\Workspace\php\sites\training-cn\rmd\index.php (12)
2015/04/03 22:25:33 [error] [exception.Exception] exception 'Exception' with message '{"responseHeader":{"status":400,"QTime":199},"error":{"msg":"invalid boolean value: 1","code":400}}' in D:\Workspace\php\sites\training-cn\rmd\protected\components\SolrHelper.php:55
Stack trace:
#0 D:\Workspace\php\sites\training-cn\rmd\protected\modules\dataprocess\controllers\DefaultController.php(21): SolrHelper->solrSimpletools('[{"username":""...')
#1 D:\Workspace\php\sites\training-cn\framework1.1.14\web\actions\CInlineAction.php(48): DefaultController->actionIndex()
#2 D:\Workspace\php\sites\training-cn\framework1.1.14\web\CController.php(308): CInlineAction->runWithParams(Array)
#3 D:\Workspace\php\sites\training-cn\framework1.1.14\web\CController.php(286): CController->runAction(Object(CInlineAction))
#4 D:\Workspace\php\sites\training-cn\framework1.1.14\web\CController.php(265): CController->runActionWithFilters(Object(CInlineAction), Array)
#5 D:\Workspace\php\sites\training-cn\framework1.1.14\web\CWebApplication.php(282): CController->run('index')
#6 D:\Workspace\php\sites\training-cn\framework1.1.14\web\CWebApplication.php(141): CWebApplication->runController('dataprocess/def...')
#7 D:\Workspace\php\sites\training-cn\framework1.1.14\base\CApplication.php(180): CWebApplication->processRequest()
#8 D:\Workspace\php\sites\training-cn\rmd\index.php(12): CApplication->run()
#9 {main}
REQUEST_URI=/dataprocess/default/index
---
2015/04/03 22:25:59 [error] [application] {"responseHeader":{"status":400,"QTime":207},"error":{"msg":"invalid boolean value: 1","code":400}}
in D:\Workspace\php\sites\training-cn\rmd\protected\modules\dataprocess\controllers\DefaultController.php (26)
in D:\Workspace\php\sites\training-cn\rmd\index.php (12)
2015/04/03 22:25:59 [error] [exception.Exception] exception 'Exception' with message '{"responseHeader":{"status":400,"QTime":207},"error":{"msg":"invalid boolean value: 1","code":400}}' in D:\Workspace\php\sites\training-cn\rmd\protected\components\SolrHelper.php:54
Stack trace:
#0 D:\Workspace\php\sites\training-cn\rmd\protected\modules\dataprocess\controllers\DefaultController.php(21): SolrHelper->solrSimpletools('[{"username":""...')
#1 D:\Workspace\php\sites\training-cn\framework1.1.14\web\actions\CInlineAction.php(48): DefaultController->actionIndex()
#2 D:\Workspace\php\sites\training-cn\framework1.1.14\web\CController.php(308): CInlineAction->runWithParams(Array)
#3 D:\Workspace\php\sites\training-cn\framework1.1.14\web\CController.php(286): CController->runAction(Object(CInlineAction))
#4 D:\Workspace\php\sites\training-cn\framework1.1.14\web\CController.php(265): CController->runActionWithFilters(Object(CInlineAction), Array)
#5 D:\Workspace\php\sites\training-cn\framework1.1.14\web\CWebApplication.php(282): CController->run('index')
#6 D:\Workspace\php\sites\training-cn\framework1.1.14\web\CWebApplication.php(141): CWebApplication->runController('dataprocess/def...')
#7 D:\Workspace\php\sites\training-cn\framework1.1.14\base\CApplication.php(180): CWebApplication->processRequest()
#8 D:\Workspace\php\sites\training-cn\rmd\index.php(12): CApplication->run()
#9 {main}
REQUEST_URI=/dataprocess/default/index
---
2015/04/03 22:26:01 [error] [application] {"responseHeader":{"status":400,"QTime":91},"error":{"msg":"invalid boolean value: 1","code":400}}
in D:\Workspace\php\sites\training-cn\rmd\protected\modules\dataprocess\controllers\DefaultController.php (26)
in D:\Workspace\php\sites\training-cn\rmd\index.php (12)
2015/04/03 22:26:01 [error] [exception.Exception] exception 'Exception' with message '{"responseHeader":{"status":400,"QTime":91},"error":{"msg":"invalid boolean value: 1","code":400}}' in D:\Workspace\php\sites\training-cn\rmd\protected\components\SolrHelper.php:54
Stack trace:
#0 D:\Workspace\php\sites\training-cn\rmd\protected\modules\dataprocess\controllers\DefaultController.php(21): SolrHelper->solrSimpletools('[{"username":""...')
#1 D:\Workspace\php\sites\training-cn\framework1.1.14\web\actions\CInlineAction.php(48): DefaultController->actionIndex()
#2 D:\Workspace\php\sites\training-cn\framework1.1.14\web\CController.php(308): CInlineAction->runWithParams(Array)
#3 D:\Workspace\php\sites\training-cn\framework1.1.14\web\CController.php(286): CController->runAction(Object(CInlineAction))
#4 D:\Workspace\php\sites\training-cn\framework1.1.14\web\CController.php(265): CController->runActionWithFilters(Object(CInlineAction), Array)
#5 D:\Workspace\php\sites\training-cn\framework1.1.14\web\CWebApplication.php(282): CController->run('index')
#6 D:\Workspace\php\sites\training-cn\framework1.1.14\web\CWebApplication.php(141): CWebApplication->runController('dataprocess/def...')
#7 D:\Workspace\php\sites\training-cn\framework1.1.14\base\CApplication.php(180): CWebApplication->processRequest()
#8 D:\Workspace\php\sites\training-cn\rmd\index.php(12): CApplication->run()
#9 {main}
REQUEST_URI=/dataprocess/default/index
---
2015/04/03 22:26:03 [error] [application] {"responseHeader":{"status":400,"QTime":203},"error":{"msg":"invalid boolean value: 1","code":400}}
in D:\Workspace\php\sites\training-cn\rmd\protected\modules\dataprocess\controllers\DefaultController.php (26)
in D:\Workspace\php\sites\training-cn\rmd\index.php (12)
2015/04/03 22:26:03 [error] [exception.Exception] exception 'Exception' with message '{"responseHeader":{"status":400,"QTime":203},"error":{"msg":"invalid boolean value: 1","code":400}}' in D:\Workspace\php\sites\training-cn\rmd\protected\components\SolrHelper.php:54
Stack trace:
#0 D:\Workspace\php\sites\training-cn\rmd\protected\modules\dataprocess\controllers\DefaultController.php(21): SolrHelper->solrSimpletools('[{"username":""...')
#1 D:\Workspace\php\sites\training-cn\framework1.1.14\web\actions\CInlineAction.php(48): DefaultController->actionIndex()
#2 D:\Workspace\php\sites\training-cn\framework1.1.14\web\CController.php(308): CInlineAction->runWithParams(Array)
#3 D:\Workspace\php\sites\training-cn\framework1.1.14\web\CController.php(286): CController->runAction(Object(CInlineAction))
#4 D:\Workspace\php\sites\training-cn\framework1.1.14\web\CController.php(265): CController->runActionWithFilters(Object(CInlineAction), Array)
#5 D:\Workspace\php\sites\training-cn\framework1.1.14\web\CWebApplication.php(282): CController->run('index')
#6 D:\Workspace\php\sites\training-cn\framework1.1.14\web\CWebApplication.php(141): CWebApplication->runController('dataprocess/def...')
#7 D:\Workspace\php\sites\training-cn\framework1.1.14\base\CApplication.php(180): CWebApplication->processRequest()
#8 D:\Workspace\php\sites\training-cn\rmd\index.php(12): CApplication->run()
#9 {main}
REQUEST_URI=/dataprocess/default/index
---
2015/04/03 22:26:05 [error] [application] {"responseHeader":{"status":400,"QTime":80},"error":{"msg":"invalid boolean value: 1","code":400}}
in D:\Workspace\php\sites\training-cn\rmd\protected\modules\dataprocess\controllers\DefaultController.php (26)
in D:\Workspace\php\sites\training-cn\rmd\index.php (12)
2015/04/03 22:26:05 [error] [exception.Exception] exception 'Exception' with message '{"responseHeader":{"status":400,"QTime":80},"error":{"msg":"invalid boolean value: 1","code":400}}' in D:\Workspace\php\sites\training-cn\rmd\protected\components\SolrHelper.php:54
Stack trace:
#0 D:\Workspace\php\sites\training-cn\rmd\protected\modules\dataprocess\controllers\DefaultController.php(21): SolrHelper->solrSimpletools('[{"username":""...')
#1 D:\Workspace\php\sites\training-cn\framework1.1.14\web\actions\CInlineAction.php(48): DefaultController->actionIndex()
#2 D:\Workspace\php\sites\training-cn\framework1.1.14\web\CController.php(308): CInlineAction->runWithParams(Array)
#3 D:\Workspace\php\sites\training-cn\framework1.1.14\web\CController.php(286): CController->runAction(Object(CInlineAction))
#4 D:\Workspace\php\sites\training-cn\framework1.1.14\web\CController.php(265): CController->runActionWithFilters(Object(CInlineAction), Array)
#5 D:\Workspace\php\sites\training-cn\framework1.1.14\web\CWebApplication.php(282): CController->run('index')
#6 D:\Workspace\php\sites\training-cn\framework1.1.14\web\CWebApplication.php(141): CWebApplication->runController('dataprocess/def...')
#7 D:\Workspace\php\sites\training-cn\framework1.1.14\base\CApplication.php(180): CWebApplication->processRequest()
#8 D:\Workspace\php\sites\training-cn\rmd\index.php(12): CApplication->run()
#9 {main}
REQUEST_URI=/dataprocess/default/index
---
2015/04/03 22:26:06 [error] [application] {"responseHeader":{"status":400,"QTime":244},"error":{"msg":"invalid boolean value: 1","code":400}}
in D:\Workspace\php\sites\training-cn\rmd\protected\modules\dataprocess\controllers\DefaultController.php (26)
in D:\Workspace\php\sites\training-cn\rmd\index.php (12)
2015/04/03 22:26:06 [error] [exception.Exception] exception 'Exception' with message '{"responseHeader":{"status":400,"QTime":244},"error":{"msg":"invalid boolean value: 1","code":400}}' in D:\Workspace\php\sites\training-cn\rmd\protected\components\SolrHelper.php:54
Stack trace:
#0 D:\Workspace\php\sites\training-cn\rmd\protected\modules\dataprocess\controllers\DefaultController.php(21): SolrHelper->solrSimpletools('[{"username":""...')
#1 D:\Workspace\php\sites\training-cn\framework1.1.14\web\actions\CInlineAction.php(48): DefaultController->actionIndex()
#2 D:\Workspace\php\sites\training-cn\framework1.1.14\web\CController.php(308): CInlineAction->runWithParams(Array)
#3 D:\Workspace\php\sites\training-cn\framework1.1.14\web\CController.php(286): CController->runAction(Object(CInlineAction))
#4 D:\Workspace\php\sites\training-cn\framework1.1.14\web\CController.php(265): CController->runActionWithFilters(Object(CInlineAction), Array)
#5 D:\Workspace\php\sites\training-cn\framework1.1.14\web\CWebApplication.php(282): CController->run('index')
#6 D:\Workspace\php\sites\training-cn\framework1.1.14\web\CWebApplication.php(141): CWebApplication->runController('dataprocess/def...')
#7 D:\Workspace\php\sites\training-cn\framework1.1.14\base\CApplication.php(180): CWebApplication->processRequest()
#8 D:\Workspace\php\sites\training-cn\rmd\index.php(12): CApplication->run()
#9 {main}
REQUEST_URI=/dataprocess/default/index
---
2015/04/03 22:26:07 [error] [application] {"responseHeader":{"status":400,"QTime":63},"error":{"msg":"invalid boolean value: 1","code":400}}
in D:\Workspace\php\sites\training-cn\rmd\protected\modules\dataprocess\controllers\DefaultController.php (26)
in D:\Workspace\php\sites\training-cn\rmd\index.php (12)
2015/04/03 22:26:07 [error] [exception.Exception] exception 'Exception' with message '{"responseHeader":{"status":400,"QTime":63},"error":{"msg":"invalid boolean value: 1","code":400}}' in D:\Workspace\php\sites\training-cn\rmd\protected\components\SolrHelper.php:54
Stack trace:
#0 D:\Workspace\php\sites\training-cn\rmd\protected\modules\dataprocess\controllers\DefaultController.php(21): SolrHelper->solrSimpletools('[{"username":""...')
#1 D:\Workspace\php\sites\training-cn\framework1.1.14\web\actions\CInlineAction.php(48): DefaultController->actionIndex()
#2 D:\Workspace\php\sites\training-cn\framework1.1.14\web\CController.php(308): CInlineAction->runWithParams(Array)
#3 D:\Workspace\php\sites\training-cn\framework1.1.14\web\CController.php(286): CController->runAction(Object(CInlineAction))
#4 D:\Workspace\php\sites\training-cn\framework1.1.14\web\CController.php(265): CController->runActionWithFilters(Object(CInlineAction), Array)
#5 D:\Workspace\php\sites\training-cn\framework1.1.14\web\CWebApplication.php(282): CController->run('index')
#6 D:\Workspace\php\sites\training-cn\framework1.1.14\web\CWebApplication.php(141): CWebApplication->runController('dataprocess/def...')
#7 D:\Workspace\php\sites\training-cn\framework1.1.14\base\CApplication.php(180): CWebApplication->processRequest()
#8 D:\Workspace\php\sites\training-cn\rmd\index.php(12): CApplication->run()
#9 {main}
REQUEST_URI=/dataprocess/default/index
---
2015/04/03 22:26:09 [error] [application] {"responseHeader":{"status":400,"QTime":65},"error":{"msg":"invalid boolean value: 1","code":400}}
in D:\Workspace\php\sites\training-cn\rmd\protected\modules\dataprocess\controllers\DefaultController.php (26)
in D:\Workspace\php\sites\training-cn\rmd\index.php (12)
2015/04/03 22:26:09 [error] [exception.Exception] exception 'Exception' with message '{"responseHeader":{"status":400,"QTime":65},"error":{"msg":"invalid boolean value: 1","code":400}}' in D:\Workspace\php\sites\training-cn\rmd\protected\components\SolrHelper.php:54
Stack trace:
#0 D:\Workspace\php\sites\training-cn\rmd\protected\modules\dataprocess\controllers\DefaultController.php(21): SolrHelper->solrSimpletools('[{"username":""...')
#1 D:\Workspace\php\sites\training-cn\framework1.1.14\web\actions\CInlineAction.php(48): DefaultController->actionIndex()
#2 D:\Workspace\php\sites\training-cn\framework1.1.14\web\CController.php(308): CInlineAction->runWithParams(Array)
#3 D:\Workspace\php\sites\training-cn\framework1.1.14\web\CController.php(286): CController->runAction(Object(CInlineAction))
#4 D:\Workspace\php\sites\training-cn\framework1.1.14\web\CController.php(265): CController->runActionWithFilters(Object(CInlineAction), Array)
#5 D:\Workspace\php\sites\training-cn\framework1.1.14\web\CWebApplication.php(282): CController->run('index')
#6 D:\Workspace\php\sites\training-cn\framework1.1.14\web\CWebApplication.php(141): CWebApplication->runController('dataprocess/def...')
#7 D:\Workspace\php\sites\training-cn\framework1.1.14\base\CApplication.php(180): CWebApplication->processRequest()
#8 D:\Workspace\php\sites\training-cn\rmd\index.php(12): CApplication->run()
#9 {main}
REQUEST_URI=/dataprocess/default/index
---
2015/04/03 22:26:10 [error] [application] {"responseHeader":{"status":400,"QTime":74},"error":{"msg":"invalid boolean value: 1","code":400}}
in D:\Workspace\php\sites\training-cn\rmd\protected\modules\dataprocess\controllers\DefaultController.php (26)
in D:\Workspace\php\sites\training-cn\rmd\index.php (12)
2015/04/03 22:26:10 [error] [exception.Exception] exception 'Exception' with message '{"responseHeader":{"status":400,"QTime":74},"error":{"msg":"invalid boolean value: 1","code":400}}' in D:\Workspace\php\sites\training-cn\rmd\protected\components\SolrHelper.php:54
Stack trace:
#0 D:\Workspace\php\sites\training-cn\rmd\protected\modules\dataprocess\controllers\DefaultController.php(21): SolrHelper->solrSimpletools('[{"username":""...')
#1 D:\Workspace\php\sites\training-cn\framework1.1.14\web\actions\CInlineAction.php(48): DefaultController->actionIndex()
#2 D:\Workspace\php\sites\training-cn\framework1.1.14\web\CController.php(308): CInlineAction->runWithParams(Array)
#3 D:\Workspace\php\sites\training-cn\framework1.1.14\web\CController.php(286): CController->runAction(Object(CInlineAction))
#4 D:\Workspace\php\sites\training-cn\framework1.1.14\web\CController.php(265): CController->runActionWithFilters(Object(CInlineAction), Array)
#5 D:\Workspace\php\sites\training-cn\framework1.1.14\web\CWebApplication.php(282): CController->run('index')
#6 D:\Workspace\php\sites\training-cn\framework1.1.14\web\CWebApplication.php(141): CWebApplication->runController('dataprocess/def...')
#7 D:\Workspace\php\sites\training-cn\framework1.1.14\base\CApplication.php(180): CWebApplication->processRequest()
#8 D:\Workspace\php\sites\training-cn\rmd\index.php(12): CApplication->run()
#9 {main}
REQUEST_URI=/dataprocess/default/index
---
2015/04/03 22:26:23 [error] [application] {"responseHeader":{"status":400,"QTime":117},"error":{"msg":"invalid boolean value: 1","code":400}}
in D:\Workspace\php\sites\training-cn\rmd\protected\modules\dataprocess\controllers\DefaultController.php (26)
in D:\Workspace\php\sites\training-cn\rmd\index.php (12)
2015/04/03 22:26:23 [error] [exception.Exception] exception 'Exception' with message '{"responseHeader":{"status":400,"QTime":117},"error":{"msg":"invalid boolean value: 1","code":400}}' in D:\Workspace\php\sites\training-cn\rmd\protected\components\SolrHelper.php:55
Stack trace:
#0 D:\Workspace\php\sites\training-cn\rmd\protected\modules\dataprocess\controllers\DefaultController.php(21): SolrHelper->solrSimpletools('[{"username":""...')
#1 D:\Workspace\php\sites\training-cn\framework1.1.14\web\actions\CInlineAction.php(48): DefaultController->actionIndex()
#2 D:\Workspace\php\sites\training-cn\framework1.1.14\web\CController.php(308): CInlineAction->runWithParams(Array)
#3 D:\Workspace\php\sites\training-cn\framework1.1.14\web\CController.php(286): CController->runAction(Object(CInlineAction))
#4 D:\Workspace\php\sites\training-cn\framework1.1.14\web\CController.php(265): CController->runActionWithFilters(Object(CInlineAction), Array)
#5 D:\Workspace\php\sites\training-cn\framework1.1.14\web\CWebApplication.php(282): CController->run('index')
#6 D:\Workspace\php\sites\training-cn\framework1.1.14\web\CWebApplication.php(141): CWebApplication->runController('dataprocess/def...')
#7 D:\Workspace\php\sites\training-cn\framework1.1.14\base\CApplication.php(180): CWebApplication->processRequest()
#8 D:\Workspace\php\sites\training-cn\rmd\index.php(12): CApplication->run()
#9 {main}
REQUEST_URI=/dataprocess/default/index
---
